nohup: ignoring input
time=2026-06-08T07:06:50.444Z level=INFO source=node_exporter.go:216 msg="Starting node_exporter" version="(version=1.9.1, branch=HEAD, revision=f2ec547b49af53815038a50265aa2adcd1275959)"
time=2026-06-08T07:06:50.444Z level=INFO source=node_exporter.go:217 msg="Build context" build_context="(go=go1.23.7, platform=linux/amd64, user=root@7023beaa563a, date=20250401-15:19:01, tags=unknown)"
time=2026-06-08T07:06:50.444Z level=INFO source=filesystem_common.go:265 msg="Parsed flag --collector.filesystem.mount-points-exclude" collector=filesystem flag=^/(dev|proc|run/credentials/.+|sys|var/lib/docker/.+|var/lib/containers/storage/.+)($|/)
time=2026-06-08T07:06:50.444Z level=INFO source=filesystem_common.go:294 msg="Parsed flag --collector.filesystem.fs-types-exclude" collector=filesystem flag=^(autofs|binfmt_misc|bpf|cgroup2?|configfs|debugfs|devpts|devtmpfs|fusectl|hugetlbfs|iso9660|mqueue|nsfs|overlay|proc|procfs|pstore|rpc_pipefs|securityfs|selinuxfs|squashfs|sysfs|tracefs)$
time=2026-06-08T07:06:50.445Z level=INFO source=diskstats_common.go:110 msg="Parsed flag --collector.diskstats.device-exclude" collector=diskstats flag=^(z?ram|loop|fd|(h|s|v|xv)d[a-z]|nvme\d+n\d+p)\d+$
time=2026-06-08T07:06:50.445Z level=INFO source=node_exporter.go:135 msg="Enabled collectors"
time=2026-06-08T07:06:50.445Z level=INFO source=node_exporter.go:141 msg=arp
time=2026-06-08T07:06:50.445Z level=INFO source=node_exporter.go:141 msg=bcache
time=2026-06-08T07:06:50.445Z level=INFO source=node_exporter.go:141 msg=bonding
time=2026-06-08T07:06:50.445Z level=INFO source=node_exporter.go:141 msg=btrfs
time=2026-06-08T07:06:50.445Z level=INFO source=node_exporter.go:141 msg=conntrack
time=2026-06-08T07:06:50.445Z level=INFO source=node_exporter.go:141 msg=cpu
time=2026-06-08T07:06:50.445Z level=INFO source=node_exporter.go:141 msg=cpufreq
time=2026-06-08T07:06:50.445Z level=INFO source=node_exporter.go:141 msg=diskstats
time=2026-06-08T07:06:50.445Z level=INFO source=node_exporter.go:141 msg=dmi
time=2026-06-08T07:06:50.445Z level=INFO source=node_exporter.go:141 msg=edac
time=2026-06-08T07:06:50.445Z level=INFO source=node_exporter.go:141 msg=entropy
time=2026-06-08T07:06:50.445Z level=INFO source=node_exporter.go:141 msg=fibrechannel
time=2026-06-08T07:06:50.445Z level=INFO source=node_exporter.go:141 msg=filefd
time=2026-06-08T07:06:50.445Z level=INFO source=node_exporter.go:141 msg=filesystem
time=2026-06-08T07:06:50.445Z level=INFO source=node_exporter.go:141 msg=hwmon
time=2026-06-08T07:06:50.445Z level=INFO source=node_exporter.go:141 msg=infiniband
time=2026-06-08T07:06:50.445Z level=INFO source=node_exporter.go:141 msg=ipvs
time=2026-06-08T07:06:50.445Z level=INFO source=node_exporter.go:141 msg=loadavg
time=2026-06-08T07:06:50.445Z level=INFO source=node_exporter.go:141 msg=mdadm
time=2026-06-08T07:06:50.445Z level=INFO source=node_exporter.go:141 msg=meminfo
time=2026-06-08T07:06:50.445Z level=INFO source=node_exporter.go:141 msg=netclass
time=2026-06-08T07:06:50.445Z level=INFO source=node_exporter.go:141 msg=netdev
time=2026-06-08T07:06:50.445Z level=INFO source=node_exporter.go:141 msg=netstat
time=2026-06-08T07:06:50.445Z level=INFO source=node_exporter.go:141 msg=nfs
time=2026-06-08T07:06:50.445Z level=INFO source=node_exporter.go:141 msg=nfsd
time=2026-06-08T07:06:50.445Z level=INFO source=node_exporter.go:141 msg=nvme
time=2026-06-08T07:06:50.445Z level=INFO source=node_exporter.go:141 msg=os
time=2026-06-08T07:06:50.445Z level=INFO source=node_exporter.go:141 msg=powersupplyclass
time=2026-06-08T07:06:50.445Z level=INFO source=node_exporter.go:141 msg=pressure
time=2026-06-08T07:06:50.445Z level=INFO source=node_exporter.go:141 msg=rapl
time=2026-06-08T07:06:50.445Z level=INFO source=node_exporter.go:141 msg=schedstat
time=2026-06-08T07:06:50.445Z level=INFO source=node_exporter.go:141 msg=selinux
time=2026-06-08T07:06:50.445Z level=INFO source=node_exporter.go:141 msg=sockstat
time=2026-06-08T07:06:50.445Z level=INFO source=node_exporter.go:141 msg=softnet
time=2026-06-08T07:06:50.445Z level=INFO source=node_exporter.go:141 msg=stat
time=2026-06-08T07:06:50.445Z level=INFO source=node_exporter.go:141 msg=tapestats
time=2026-06-08T07:06:50.445Z level=INFO source=node_exporter.go:141 msg=textfile
time=2026-06-08T07:06:50.445Z level=INFO source=node_exporter.go:141 msg=thermal_zone
time=2026-06-08T07:06:50.445Z level=INFO source=node_exporter.go:141 msg=time
time=2026-06-08T07:06:50.445Z level=INFO source=node_exporter.go:141 msg=timex
time=2026-06-08T07:06:50.445Z level=INFO source=node_exporter.go:141 msg=udp_queues
time=2026-06-08T07:06:50.445Z level=INFO source=node_exporter.go:141 msg=uname
time=2026-06-08T07:06:50.445Z level=INFO source=node_exporter.go:141 msg=vmstat
time=2026-06-08T07:06:50.445Z level=INFO source=node_exporter.go:141 msg=watchdog
time=2026-06-08T07:06:50.445Z level=INFO source=node_exporter.go:141 msg=xfs
time=2026-06-08T07:06:50.445Z level=INFO source=node_exporter.go:141 msg=zfs
time=2026-06-08T07:06:50.446Z level=INFO source=tls_config.go:347 msg="Listening on" address=[::]:9100
time=2026-06-08T07:06:50.446Z level=INFO source=tls_config.go:350 msg="TLS is disabled." http2=false address=[::]:9100
time=2026-06-08T07:07:11.841Z level=ERROR source=http.go:219 msg="error encoding and sending metric family: write tcp [::1]:9100->[::1]:40782: write: connection reset by peer"
time=2026-06-08T07:07:11.841Z level=ERROR source=http.go:219 msg="error encoding and sending metric family: write tcp [::1]:9100->[::1]:40782: write: connection reset by peer"
time=2026-06-08T07:07:11.841Z level=ERROR source=http.go:219 msg="error encoding and sending metric family: write tcp [::1]:9100->[::1]:40782: write: connection reset by peer"
time=2026-06-08T07:07:11.841Z level=ERROR source=http.go:219 msg="error encoding and sending metric family: write tcp [::1]:9100->[::1]:40782: write: connection reset by peer"
time=2026-06-08T07:07:11.841Z level=ERROR source=http.go:219 msg="error encoding and sending metric family: write tcp [::1]:9100->[::1]:40782: write: connection reset by peer"
time=2026-06-08T07:07:11.841Z level=ERROR source=http.go:219 msg="error encoding and sending metric family: write tcp [::1]:9100->[::1]:40782: write: connection reset by peer"
time=2026-06-08T07:07:11.841Z level=ERROR source=http.go:219 msg="error encoding and sending metric family: write tcp [::1]:9100->[::1]:40782: write: connection reset by peer"
time=2026-06-08T07:07:11.841Z level=ERROR source=http.go:219 msg="error encoding and sending metric family: write tcp [::1]:9100->[::1]:40782: write: connection reset by peer"
time=2026-06-08T07:07:11.841Z level=ERROR source=http.go:219 msg="error encoding and sending metric family: write tcp [::1]:9100->[::1]:40782: write: connection reset by peer"
